<?xml version="1.0" encoding="UTF-8"?>
<!-- Generated by org.testng.reporters.JUnitReportReporter -->
<testsuite skipped="0" hostname="Manjushas-Air" name="ProcedureCostTest" tests="2" failures="0" timestamp="01 Aug 2018 23:18:02 GMT" time="0.016" errors="0">
  <testcase name="test2" time="0.001" classname="ProcedureCostTest"/>
  <testcase name="test1" time="0.015" classname="ProcedureCostTest"/>
</testsuite> <!-- ProcedureCostTest -->
