<?xml version="1.0" encoding="UTF-8"?>
<!-- Generated by org.testng.reporters.JUnitReportReporter -->
<testsuite skipped="0" hostname="Manjushas-Air" name="ProcedureCostTest" tests="1" failures="0" timestamp="01 Aug 2018 20:01:18 GMT" time="0.012" errors="0">
  <testcase name="test1" time="0.012" classname="ProcedureCostTest"/>
</testsuite> <!-- ProcedureCostTest -->
